{"level":"info","message":"Using development environment settings","timestamp":"2017-06-12T20:07:50.595Z"}
{"level":"info","message":"Debug mode is ON","timestamp":"2017-06-12T20:07:50.597Z"}
{"level":"info","message":"Configuring middlewares","timestamp":"2017-06-12T20:07:50.620Z"}
{"level":"info","message":"Configuring routes","timestamp":"2017-06-12T20:07:50.620Z"}
{"level":"info","message":"Chatz server is listening on port 3000","timestamp":"2017-06-12T20:07:50.630Z"}
{"level":"info","message":"Using development environment settings","timestamp":"2017-06-12T20:08:58.397Z"}
{"level":"info","message":"Debug mode is ON","timestamp":"2017-06-12T20:08:58.398Z"}
{"level":"info","message":"Configuring middlewares","timestamp":"2017-06-12T20:08:58.423Z"}
{"level":"info","message":"Configuring routes","timestamp":"2017-06-12T20:08:58.424Z"}
{"level":"info","message":"Chatz server is listening on port 3000","timestamp":"2017-06-12T20:08:58.433Z"}
{"level":"info","message":"Using development environment settings","timestamp":"2017-06-13T03:01:29.207Z"}
{"level":"info","message":"Using development environment settings","timestamp":"2017-06-13T03:02:27.962Z"}
{"level":"info","message":"Using development environment settings","timestamp":"2017-06-13T03:02:34.162Z"}
{"level":"info","message":"Debug mode is ON","timestamp":"2017-06-13T03:02:34.164Z"}
{"level":"info","message":"Configuring middlewares","timestamp":"2017-06-13T03:02:34.187Z"}
{"level":"info","message":"Configuring routes","timestamp":"2017-06-13T03:02:34.188Z"}
{"level":"info","message":"Chatz server is listening on port 3000","timestamp":"2017-06-13T03:02:34.197Z"}
{"level":"info","message":"Using development environment settings","timestamp":"2017-06-13T21:54:48.242Z"}
{"level":"info","message":"Using development environment settings","timestamp":"2017-06-13T21:55:15.339Z"}
{"level":"info","message":"Debug mode is ON","timestamp":"2017-06-13T21:55:15.341Z"}
{"level":"info","message":"Configuring middlewares","timestamp":"2017-06-13T21:55:15.362Z"}
{"level":"info","message":"Configuring routes","timestamp":"2017-06-13T21:55:15.362Z"}
{"level":"info","message":"Chatz server is listening on port 3000","timestamp":"2017-06-13T21:55:15.640Z"}
{"level":"info","message":"Using development environment settings","timestamp":"2017-06-13T23:12:39.869Z"}
{"level":"info","message":"Debug mode is ON","timestamp":"2017-06-13T23:12:39.871Z"}
{"level":"info","message":"Configuring middlewares","timestamp":"2017-06-13T23:12:39.894Z"}
{"level":"info","message":"Configuring routes","timestamp":"2017-06-13T23:12:39.894Z"}
{"level":"info","message":"Chatz server is listening on port 3000","timestamp":"2017-06-13T23:12:40.204Z"}
{"level":"info","message":"Using development environment settings","timestamp":"2017-06-13T23:16:10.174Z"}
{"level":"info","message":"Debug mode is ON","timestamp":"2017-06-13T23:16:10.176Z"}
{"level":"info","message":"Configuring middlewares","timestamp":"2017-06-13T23:16:10.198Z"}
{"level":"info","message":"Configuring routes","timestamp":"2017-06-13T23:16:10.198Z"}
{"level":"info","message":"Chatz server is listening on port 3000","timestamp":"2017-06-13T23:16:10.486Z"}
{"level":"info","message":"Using development environment settings","timestamp":"2017-06-13T23:21:00.277Z"}
{"level":"info","message":"Debug mode is ON","timestamp":"2017-06-13T23:21:00.279Z"}
{"level":"info","message":"Configuring middlewares","timestamp":"2017-06-13T23:21:00.303Z"}
{"level":"info","message":"Configuring routes","timestamp":"2017-06-13T23:21:00.303Z"}
{"level":"info","message":"Chatz server is listening on port 3000","timestamp":"2017-06-13T23:21:00.648Z"}
{"level":"info","message":"Using development environment settings","timestamp":"2017-06-13T23:24:26.455Z"}
{"level":"info","message":"Debug mode is ON","timestamp":"2017-06-13T23:24:26.457Z"}
{"level":"info","message":"Configuring middlewares","timestamp":"2017-06-13T23:24:26.479Z"}
{"level":"info","message":"Configuring routes","timestamp":"2017-06-13T23:24:26.479Z"}
{"level":"info","message":"Chatz server is listening on port 3000","timestamp":"2017-06-13T23:24:26.762Z"}
{"level":"info","message":"Using development environment settings","timestamp":"2017-06-13T23:30:05.491Z"}
{"level":"info","message":"Debug mode is ON","timestamp":"2017-06-13T23:30:05.493Z"}
{"level":"info","message":"Configuring middlewares","timestamp":"2017-06-13T23:30:05.515Z"}
{"level":"info","message":"Configuring routes","timestamp":"2017-06-13T23:30:05.515Z"}
{"level":"info","message":"Chatz server is listening on port 3000","timestamp":"2017-06-13T23:30:05.805Z"}
{"level":"info","message":"Using development environment settings","timestamp":"2017-06-13T23:30:59.318Z"}
{"level":"info","message":"Debug mode is ON","timestamp":"2017-06-13T23:30:59.320Z"}
{"level":"info","message":"Configuring middlewares","timestamp":"2017-06-13T23:30:59.342Z"}
{"level":"info","message":"Configuring routes","timestamp":"2017-06-13T23:30:59.342Z"}
{"level":"info","message":"Chatz server is listening on port 3000","timestamp":"2017-06-13T23:30:59.627Z"}
{"level":"info","message":"Using development environment settings","timestamp":"2017-06-13T23:31:18.032Z"}
{"level":"info","message":"Debug mode is ON","timestamp":"2017-06-13T23:31:18.034Z"}
{"level":"info","message":"Configuring middlewares","timestamp":"2017-06-13T23:31:18.056Z"}
{"level":"info","message":"Configuring routes","timestamp":"2017-06-13T23:31:18.057Z"}
{"level":"info","message":"Chatz server is listening on port 3000","timestamp":"2017-06-13T23:31:18.350Z"}
{"level":"info","message":"Using development environment settings","timestamp":"2017-06-13T23:49:07.637Z"}
{"level":"info","message":"Debug mode is ON","timestamp":"2017-06-13T23:49:07.638Z"}
{"level":"info","message":"Configuring middlewares","timestamp":"2017-06-13T23:49:07.660Z"}
{"level":"info","message":"Configuring routes","timestamp":"2017-06-13T23:49:07.660Z"}
{"level":"info","message":"Chatz server is listening on port 3000","timestamp":"2017-06-13T23:49:07.951Z"}
{"level":"info","message":"Using development environment settings","timestamp":"2017-06-14T01:42:38.758Z"}
{"level":"info","message":"Debug mode is ON","timestamp":"2017-06-14T01:42:38.759Z"}
{"level":"info","message":"Configuring middlewares","timestamp":"2017-06-14T01:42:38.780Z"}
{"level":"info","message":"Configuring routes","timestamp":"2017-06-14T01:42:38.780Z"}
{"level":"info","message":"Chatz server is listening on port 3000","timestamp":"2017-06-14T01:42:39.077Z"}
{"level":"info","message":"Using development environment settings","timestamp":"2017-06-14T01:45:34.646Z"}
{"level":"info","message":"Debug mode is ON","timestamp":"2017-06-14T01:45:34.648Z"}
{"level":"info","message":"Configuring middlewares","timestamp":"2017-06-14T01:45:34.670Z"}
{"level":"info","message":"Configuring routes","timestamp":"2017-06-14T01:45:34.670Z"}
{"level":"info","message":"Chatz server is listening on port 3000","timestamp":"2017-06-14T01:45:34.963Z"}
{"level":"info","message":"Using development environment settings","timestamp":"2017-06-14T02:01:38.715Z"}
{"level":"info","message":"Debug mode is ON","timestamp":"2017-06-14T02:01:38.717Z"}
{"level":"info","message":"Configuring middlewares","timestamp":"2017-06-14T02:01:38.739Z"}
{"level":"info","message":"Configuring routes","timestamp":"2017-06-14T02:01:38.739Z"}
{"level":"info","message":"Chatz server is listening on port 3000","timestamp":"2017-06-14T02:01:39.085Z"}
{"level":"info","message":"Using development environment settings","timestamp":"2017-06-14T02:24:08.935Z"}
{"level":"info","message":"Debug mode is ON","timestamp":"2017-06-14T02:24:08.937Z"}
{"level":"info","message":"Configuring middlewares","timestamp":"2017-06-14T02:24:08.960Z"}
{"level":"info","message":"Configuring routes","timestamp":"2017-06-14T02:24:08.960Z"}
{"level":"info","message":"Chatz server is listening on port 3000","timestamp":"2017-06-14T02:24:09.281Z"}
{"level":"info","message":"Using development environment settings","timestamp":"2017-06-14T02:27:22.684Z"}
{"level":"info","message":"Debug mode is ON","timestamp":"2017-06-14T02:27:22.686Z"}
{"level":"info","message":"Configuring middlewares","timestamp":"2017-06-14T02:27:22.708Z"}
{"level":"info","message":"Configuring routes","timestamp":"2017-06-14T02:27:22.708Z"}
{"level":"info","message":"Chatz server is listening on port 3000","timestamp":"2017-06-14T02:27:23.000Z"}
{"level":"info","message":"Using development environment settings","timestamp":"2017-06-14T02:28:27.590Z"}
{"level":"info","message":"Debug mode is ON","timestamp":"2017-06-14T02:28:27.591Z"}
{"level":"info","message":"Configuring middlewares","timestamp":"2017-06-14T02:28:27.613Z"}
{"level":"info","message":"Configuring routes","timestamp":"2017-06-14T02:28:27.613Z"}
{"level":"info","message":"Chatz server is listening on port 3000","timestamp":"2017-06-14T02:28:27.908Z"}
{"level":"info","message":"Using development environment settings","timestamp":"2017-06-14T02:30:33.449Z"}
{"level":"info","message":"Debug mode is ON","timestamp":"2017-06-14T02:30:33.451Z"}
{"level":"info","message":"Configuring middlewares","timestamp":"2017-06-14T02:30:33.473Z"}
{"level":"info","message":"Configuring routes","timestamp":"2017-06-14T02:30:33.473Z"}
{"level":"info","message":"Chatz server is listening on port 3000","timestamp":"2017-06-14T02:30:33.767Z"}
{"level":"info","message":"Using development environment settings","timestamp":"2017-06-14T02:33:03.859Z"}
{"level":"info","message":"Debug mode is ON","timestamp":"2017-06-14T02:33:03.861Z"}
{"level":"info","message":"Configuring middlewares","timestamp":"2017-06-14T02:33:03.882Z"}
{"level":"info","message":"Configuring routes","timestamp":"2017-06-14T02:33:03.882Z"}
{"level":"info","message":"Chatz server is listening on port 3000","timestamp":"2017-06-14T02:33:04.207Z"}
{"level":"info","message":"Using development environment settings","timestamp":"2017-06-14T02:35:31.283Z"}
{"level":"info","message":"Debug mode is ON","timestamp":"2017-06-14T02:35:31.285Z"}
{"level":"info","message":"Configuring middlewares","timestamp":"2017-06-14T02:35:31.306Z"}
{"level":"info","message":"Configuring routes","timestamp":"2017-06-14T02:35:31.306Z"}
{"level":"info","message":"Chatz server is listening on port 3000","timestamp":"2017-06-14T02:35:31.594Z"}
{"level":"info","message":"Using development environment settings","timestamp":"2017-06-14T02:40:06.976Z"}
{"level":"info","message":"Debug mode is ON","timestamp":"2017-06-14T02:40:06.978Z"}
{"level":"info","message":"Configuring middlewares","timestamp":"2017-06-14T02:40:07.001Z"}
{"level":"info","message":"Configuring routes","timestamp":"2017-06-14T02:40:07.001Z"}
{"level":"info","message":"Chatz server is listening on port 3000","timestamp":"2017-06-14T02:40:07.307Z"}
{"level":"info","message":"Using development environment settings","timestamp":"2017-06-14T02:44:56.264Z"}
{"level":"info","message":"Debug mode is ON","timestamp":"2017-06-14T02:44:56.266Z"}
{"level":"info","message":"Configuring middlewares","timestamp":"2017-06-14T02:44:56.288Z"}
{"level":"info","message":"Configuring routes","timestamp":"2017-06-14T02:44:56.288Z"}
{"level":"info","message":"Chatz server is listening on port 3000","timestamp":"2017-06-14T02:44:56.603Z"}
{"level":"info","message":"Using development environment settings","timestamp":"2017-06-14T02:46:05.667Z"}
{"level":"info","message":"Debug mode is ON","timestamp":"2017-06-14T02:46:05.669Z"}
{"level":"info","message":"Configuring middlewares","timestamp":"2017-06-14T02:46:05.690Z"}
{"level":"info","message":"Configuring routes","timestamp":"2017-06-14T02:46:05.691Z"}
{"level":"info","message":"Chatz server is listening on port 3000","timestamp":"2017-06-14T02:46:05.995Z"}
{"level":"info","message":"Using development environment settings","timestamp":"2017-06-14T02:46:39.700Z"}
{"level":"info","message":"Debug mode is ON","timestamp":"2017-06-14T02:46:39.702Z"}
{"level":"info","message":"Configuring middlewares","timestamp":"2017-06-14T02:46:39.725Z"}
{"level":"info","message":"Configuring routes","timestamp":"2017-06-14T02:46:39.725Z"}
{"level":"info","message":"Chatz server is listening on port 3000","timestamp":"2017-06-14T02:46:40.043Z"}
{"level":"info","message":"Using development environment settings","timestamp":"2017-06-14T02:48:36.680Z"}
{"level":"info","message":"Debug mode is ON","timestamp":"2017-06-14T02:48:36.682Z"}
{"level":"info","message":"Configuring middlewares","timestamp":"2017-06-14T02:48:36.704Z"}
{"level":"info","message":"Configuring routes","timestamp":"2017-06-14T02:48:36.704Z"}
{"level":"info","message":"Chatz server is listening on port 3000","timestamp":"2017-06-14T02:48:36.994Z"}
{"level":"info","message":"Using development environment settings","timestamp":"2017-06-14T02:52:03.949Z"}
{"level":"info","message":"Debug mode is ON","timestamp":"2017-06-14T02:52:03.950Z"}
{"level":"info","message":"Configuring middlewares","timestamp":"2017-06-14T02:52:03.971Z"}
{"level":"info","message":"Configuring routes","timestamp":"2017-06-14T02:52:03.971Z"}
{"level":"info","message":"Chatz server is listening on port 3000","timestamp":"2017-06-14T02:52:04.275Z"}
{"level":"info","message":"Using development environment settings","timestamp":"2017-06-14T02:53:36.072Z"}
{"level":"info","message":"Debug mode is ON","timestamp":"2017-06-14T02:53:36.074Z"}
{"level":"info","message":"Configuring middlewares","timestamp":"2017-06-14T02:53:36.095Z"}
{"level":"info","message":"Configuring routes","timestamp":"2017-06-14T02:53:36.096Z"}
{"level":"info","message":"Chatz server is listening on port 3000","timestamp":"2017-06-14T02:53:36.395Z"}
{"level":"info","message":"Using development environment settings","timestamp":"2017-06-14T02:56:18.364Z"}
{"level":"info","message":"Debug mode is ON","timestamp":"2017-06-14T02:56:18.366Z"}
{"level":"info","message":"Configuring middlewares","timestamp":"2017-06-14T02:56:18.390Z"}
{"level":"info","message":"Configuring routes","timestamp":"2017-06-14T02:56:18.390Z"}
{"level":"info","message":"Chatz server is listening on port 3000","timestamp":"2017-06-14T02:56:18.705Z"}
{"message":"req is not defined","stack":"ReferenceError: req is not defined\n    at /home/sandro/chatz/routes/auth.js:13:7\n    at createSession (/home/sandro/chatz/routes/auth.js:12:12)\n    at Object.<anonymous> (/home/sandro/chatz/routes/auth.js:26:14)\n    at Object.tryCatcher (/home/sandro/chatz/node_modules/bluebird/js/release/util.js:16:23)\n    at Promise._settlePromiseFromHandler (/home/sandro/chatz/node_modules/bluebird/js/release/promise.js:512:31)\n    at Promise._settlePromise (/home/sandro/chatz/node_modules/bluebird/js/release/promise.js:569:18)\n    at Promise._settlePromise0 (/home/sandro/chatz/node_modules/bluebird/js/release/promise.js:614:10)\n    at Promise._settlePromises (/home/sandro/chatz/node_modules/bluebird/js/release/promise.js:693:18)\n    at Async._drainQueue (/home/sandro/chatz/node_modules/bluebird/js/release/async.js:133:16)\n    at Async._drainQueues (/home/sandro/chatz/node_modules/bluebird/js/release/async.js:143:10)\n    at Immediate.Async.drainQueues (/home/sandro/chatz/node_modules/bluebird/js/release/async.js:17:14)\n    at runCallback (timers.js:672:20)\n    at tryOnImmediate (timers.js:645:5)\n    at processImmediate [as _immediateCallback] (timers.js:617:5)","level":"error","timestamp":"2017-06-14T02:56:22.529Z"}
{"level":"info","message":"Using development environment settings","timestamp":"2017-06-14T02:56:43.383Z"}
{"level":"info","message":"Debug mode is ON","timestamp":"2017-06-14T02:56:43.385Z"}
{"level":"info","message":"Configuring middlewares","timestamp":"2017-06-14T02:56:43.406Z"}
{"level":"info","message":"Configuring routes","timestamp":"2017-06-14T02:56:43.406Z"}
{"level":"info","message":"Chatz server is listening on port 3000","timestamp":"2017-06-14T02:56:43.717Z"}
{"level":"info","message":"Using development environment settings","timestamp":"2017-06-14T03:06:59.456Z"}
{"level":"info","message":"Debug mode is ON","timestamp":"2017-06-14T03:06:59.458Z"}
{"level":"info","message":"Configuring middlewares","timestamp":"2017-06-14T03:06:59.733Z"}
{"level":"info","message":"Configuring routes","timestamp":"2017-06-14T03:06:59.733Z"}
{"level":"info","message":"Chatz server is listening on port 3000","timestamp":"2017-06-14T03:06:59.782Z"}
{"level":"info","message":"Using development environment settings","timestamp":"2017-06-14T03:14:15.986Z"}
{"level":"info","message":"Debug mode is ON","timestamp":"2017-06-14T03:14:15.987Z"}
{"level":"info","message":"Configuring middlewares","timestamp":"2017-06-14T03:14:16.251Z"}
{"level":"info","message":"Configuring routes","timestamp":"2017-06-14T03:14:16.251Z"}
{"level":"info","message":"Chatz server is listening on port 3000","timestamp":"2017-06-14T03:14:16.299Z"}
{"level":"info","message":"Using development environment settings","timestamp":"2017-06-14T03:14:43.502Z"}
{"level":"info","message":"Using development environment settings","timestamp":"2017-06-14T03:14:51.402Z"}
{"level":"info","message":"Debug mode is ON","timestamp":"2017-06-14T03:14:51.404Z"}
{"level":"info","message":"Configuring middlewares","timestamp":"2017-06-14T03:14:51.682Z"}
{"level":"info","message":"Configuring routes","timestamp":"2017-06-14T03:14:51.682Z"}
{"level":"info","message":"Chatz server is listening on port 3000","timestamp":"2017-06-14T03:14:51.730Z"}
{"level":"info","message":"Using development environment settings","timestamp":"2017-06-14T03:19:57.772Z"}
{"level":"info","message":"Debug mode is ON","timestamp":"2017-06-14T03:19:57.774Z"}
{"level":"info","message":"Configuring middlewares","timestamp":"2017-06-14T03:19:58.086Z"}
{"level":"info","message":"Configuring routes","timestamp":"2017-06-14T03:19:58.086Z"}
{"level":"info","message":"Chatz server is listening on port 3000","timestamp":"2017-06-14T03:19:58.143Z"}
{"level":"info","message":"Using development environment settings","timestamp":"2017-06-14T03:24:19.399Z"}
{"level":"info","message":"Debug mode is ON","timestamp":"2017-06-14T03:24:19.401Z"}
{"level":"info","message":"Configuring middlewares","timestamp":"2017-06-14T03:24:19.691Z"}
{"level":"info","message":"Configuring routes","timestamp":"2017-06-14T03:24:19.692Z"}
{"level":"info","message":"Chatz server is listening on port 3000","timestamp":"2017-06-14T03:24:19.737Z"}
{"level":"info","message":"Using development environment settings","timestamp":"2017-06-14T03:26:31.379Z"}
{"level":"info","message":"Debug mode is ON","timestamp":"2017-06-14T03:26:31.380Z"}
{"level":"info","message":"Configuring middlewares","timestamp":"2017-06-14T03:26:31.650Z"}
{"level":"info","message":"Configuring routes","timestamp":"2017-06-14T03:26:31.650Z"}
{"level":"info","message":"Chatz server is listening on port 3000","timestamp":"2017-06-14T03:26:31.697Z"}
{"level":"debug","message":"POST /projects Account 5940aa3ad210f25bd8baa917","timestamp":"2017-06-14T03:26:52.413Z"}
{"level":"info","message":"Using development environment settings","timestamp":"2017-06-14T03:27:37.133Z"}
{"level":"info","message":"Debug mode is ON","timestamp":"2017-06-14T03:27:37.135Z"}
{"level":"info","message":"Configuring middlewares","timestamp":"2017-06-14T03:27:37.406Z"}
{"level":"info","message":"Configuring routes","timestamp":"2017-06-14T03:27:37.407Z"}
{"level":"info","message":"Chatz server is listening on port 3000","timestamp":"2017-06-14T03:27:37.455Z"}
{"level":"debug","message":"POST /projects Account 5940aa3ad210f25bd8baa917","timestamp":"2017-06-14T03:27:39.846Z"}
{"message":"Project is not defined","stack":"ReferenceError: Project is not defined\n    at Object.exports.getCustomer (/home/sandro/chatz/services/customer.js:23:10)\n    at Object.<anonymous> (/home/sandro/chatz/routes/auth.js:40:30)\n    at Object.tryCatcher (/home/sandro/chatz/node_modules/bluebird/js/release/util.js:16:23)\n    at Promise._settlePromiseFromHandler (/home/sandro/chatz/node_modules/bluebird/js/release/promise.js:512:31)\n    at Promise._settlePromise (/home/sandro/chatz/node_modules/bluebird/js/release/promise.js:569:18)\n    at Promise._settlePromise0 (/home/sandro/chatz/node_modules/bluebird/js/release/promise.js:614:10)\n    at Promise._settlePromises (/home/sandro/chatz/node_modules/bluebird/js/release/promise.js:693:18)\n    at Async._drainQueue (/home/sandro/chatz/node_modules/bluebird/js/release/async.js:133:16)\n    at Async._drainQueues (/home/sandro/chatz/node_modules/bluebird/js/release/async.js:143:10)\n    at Immediate.Async.drainQueues (/home/sandro/chatz/node_modules/bluebird/js/release/async.js:17:14)\n    at runCallback (timers.js:672:20)\n    at tryOnImmediate (timers.js:645:5)\n    at processImmediate [as _immediateCallback] (timers.js:617:5)","level":"error","timestamp":"2017-06-14T03:30:01.860Z"}
{"level":"info","message":"Using development environment settings","timestamp":"2017-06-14T03:30:46.010Z"}
{"level":"info","message":"Debug mode is ON","timestamp":"2017-06-14T03:30:46.013Z"}
{"level":"info","message":"Configuring middlewares","timestamp":"2017-06-14T03:30:46.328Z"}
{"level":"info","message":"Configuring routes","timestamp":"2017-06-14T03:30:46.328Z"}
{"level":"info","message":"Chatz server is listening on port 3000","timestamp":"2017-06-14T03:30:46.376Z"}
{"message":"Cast to ObjectId failed for value \"{ email: 'sandro.csimas@gmail.com',\n  first_name: 'Sandro',\n  id: '1',\n  last_name: 'Simas',\n  signup_date: 'Jan 3, 2016 00:58:51' }\" at path \"_id\" for model \"Customer\"","stack":"CastError: Cast to ObjectId failed for value \"{ email: 'sandro.csimas@gmail.com',\n  first_name: 'Sandro',\n  id: '1',\n  last_name: 'Simas',\n  signup_date: 'Jan 3, 2016 00:58:51' }\" at path \"_id\" for model \"Customer\"\n    at MongooseError.CastError (/home/sandro/chatz/node_modules/mongoose/lib/error/cast.js:26:11)\n    at ObjectId.cast (/home/sandro/chatz/node_modules/mongoose/lib/schema/objectid.js:149:13)\n    at ObjectId.SchemaType._castForQuery (/home/sandro/chatz/node_modules/mongoose/lib/schematype.js:1023:15)\n    at ObjectId.castForQuery (/home/sandro/chatz/node_modules/mongoose/lib/schema/objectid.js:189:15)\n    at cast (/home/sandro/chatz/node_modules/mongoose/lib/cast.js:195:34)\n    at Query.cast (/home/sandro/chatz/node_modules/mongoose/lib/query.js:2933:12)\n    at Query.findOne (/home/sandro/chatz/node_modules/mongoose/lib/query.js:1394:10)\n    at /home/sandro/chatz/node_modules/mongoose/lib/query.js:2746:21\n    at Promise._execute (/home/sandro/chatz/node_modules/bluebird/js/release/debuggability.js:300:9)\n    at Promise._resolveFromExecutor (/home/sandro/chatz/node_modules/bluebird/js/release/promise.js:483:18)\n    at new Promise (/home/sandro/chatz/node_modules/bluebird/js/release/promise.js:79:10)\n    at Query.exec (/home/sandro/chatz/node_modules/mongoose/lib/query.js:2740:17)\n    at Object.exports.getCustomer (/home/sandro/chatz/services/customer.js:23:60)\n    at Object.<anonymous> (/home/sandro/chatz/routes/auth.js:40:30)\n    at Object.tryCatcher (/home/sandro/chatz/node_modules/bluebird/js/release/util.js:16:23)\n    at Promise._settlePromiseFromHandler (/home/sandro/chatz/node_modules/bluebird/js/release/promise.js:512:31)\n    at Promise._settlePromise (/home/sandro/chatz/node_modules/bluebird/js/release/promise.js:569:18)\n    at Promise._settlePromise0 (/home/sandro/chatz/node_modules/bluebird/js/release/promise.js:614:10)\n    at Promise._settlePromises (/home/sandro/chatz/node_modules/bluebird/js/release/promise.js:693:18)\n    at Async._drainQueue (/home/sandro/chatz/node_modules/bluebird/js/release/async.js:133:16)\n    at Async._drainQueues (/home/sandro/chatz/node_modules/bluebird/js/release/async.js:143:10)\n    at Immediate.Async.drainQueues (/home/sandro/chatz/node_modules/bluebird/js/release/async.js:17:14)","name":"CastError","stringValue":"\"{ email: 'sandro.csimas@gmail.com',\n  first_name: 'Sandro',\n  id: '1',\n  last_name: 'Simas',\n  signup_date: 'Jan 3, 2016 00:58:51' }\"","kind":"ObjectId","value":{"email":"sandro.csimas@gmail.com","first_name":"Sandro","id":"1","last_name":"Simas","signup_date":"Jan 3, 2016 00:58:51"},"path":"_id","level":"error","timestamp":"2017-06-14T03:32:36.056Z"}
{"level":"info","message":"Using development environment settings","timestamp":"2017-06-14T03:40:20.184Z"}
{"level":"info","message":"Debug mode is ON","timestamp":"2017-06-14T03:40:20.186Z"}
{"level":"info","message":"Configuring middlewares","timestamp":"2017-06-14T03:40:20.487Z"}
{"level":"info","message":"Configuring routes","timestamp":"2017-06-14T03:40:20.487Z"}
{"level":"info","message":"Chatz server is listening on port 3000","timestamp":"2017-06-14T03:40:20.536Z"}
{"message":"Cast to ObjectId failed for value \"{ email: 'sandro.csimas@gmail.com',\n  first_name: 'Sandro',\n  id: '1',\n  last_name: 'Simas',\n  signup_date: 'Jan 3, 2016 00:58:51' }\" at path \"_id\" for model \"Customer\"","stack":"CastError: Cast to ObjectId failed for value \"{ email: 'sandro.csimas@gmail.com',\n  first_name: 'Sandro',\n  id: '1',\n  last_name: 'Simas',\n  signup_date: 'Jan 3, 2016 00:58:51' }\" at path \"_id\" for model \"Customer\"\n    at MongooseError.CastError (/home/sandro/chatz/node_modules/mongoose/lib/error/cast.js:26:11)\n    at ObjectId.cast (/home/sandro/chatz/node_modules/mongoose/lib/schema/objectid.js:149:13)\n    at ObjectId.SchemaType._castForQuery (/home/sandro/chatz/node_modules/mongoose/lib/schematype.js:1023:15)\n    at ObjectId.castForQuery (/home/sandro/chatz/node_modules/mongoose/lib/schema/objectid.js:189:15)\n    at cast (/home/sandro/chatz/node_modules/mongoose/lib/cast.js:195:34)\n    at Query.cast (/home/sandro/chatz/node_modules/mongoose/lib/query.js:2933:12)\n    at Query.findOne (/home/sandro/chatz/node_modules/mongoose/lib/query.js:1394:10)\n    at /home/sandro/chatz/node_modules/mongoose/lib/query.js:2746:21\n    at Promise._execute (/home/sandro/chatz/node_modules/bluebird/js/release/debuggability.js:300:9)\n    at Promise._resolveFromExecutor (/home/sandro/chatz/node_modules/bluebird/js/release/promise.js:483:18)\n    at new Promise (/home/sandro/chatz/node_modules/bluebird/js/release/promise.js:79:10)\n    at Query.exec (/home/sandro/chatz/node_modules/mongoose/lib/query.js:2740:17)\n    at Object.exports.getCustomer (/home/sandro/chatz/services/customer.js:25:60)\n    at Object.<anonymous> (/home/sandro/chatz/routes/auth.js:40:30)\n    at Object.tryCatcher (/home/sandro/chatz/node_modules/bluebird/js/release/util.js:16:23)\n    at Promise._settlePromiseFromHandler (/home/sandro/chatz/node_modules/bluebird/js/release/promise.js:512:31)\n    at Promise._settlePromise (/home/sandro/chatz/node_modules/bluebird/js/release/promise.js:569:18)\n    at Promise._settlePromise0 (/home/sandro/chatz/node_modules/bluebird/js/release/promise.js:614:10)\n    at Promise._settlePromises (/home/sandro/chatz/node_modules/bluebird/js/release/promise.js:693:18)\n    at Async._drainQueue (/home/sandro/chatz/node_modules/bluebird/js/release/async.js:133:16)\n    at Async._drainQueues (/home/sandro/chatz/node_modules/bluebird/js/release/async.js:143:10)\n    at Immediate.Async.drainQueues (/home/sandro/chatz/node_modules/bluebird/js/release/async.js:17:14)","name":"CastError","stringValue":"\"{ email: 'sandro.csimas@gmail.com',\n  first_name: 'Sandro',\n  id: '1',\n  last_name: 'Simas',\n  signup_date: 'Jan 3, 2016 00:58:51' }\"","kind":"ObjectId","value":{"email":"sandro.csimas@gmail.com","first_name":"Sandro","id":"1","last_name":"Simas","signup_date":"Jan 3, 2016 00:58:51"},"path":"_id","level":"error","timestamp":"2017-06-14T03:40:32.340Z"}
{"level":"info","message":"Using development environment settings","timestamp":"2017-06-14T03:41:17.092Z"}
{"level":"info","message":"Debug mode is ON","timestamp":"2017-06-14T03:41:17.095Z"}
{"level":"info","message":"Configuring middlewares","timestamp":"2017-06-14T03:41:17.374Z"}
{"level":"info","message":"Configuring routes","timestamp":"2017-06-14T03:41:17.375Z"}
{"level":"info","message":"Chatz server is listening on port 3000","timestamp":"2017-06-14T03:41:17.422Z"}
{"message":"Cast to ObjectId failed for value \"{ email: 'sandro.csimas@gmail.com',\n  first_name: 'Sandro',\n  id: '1',\n  last_name: 'Simas',\n  signup_date: 'Jan 3, 2016 00:58:51' }\" at path \"_id\" for model \"Customer\"","stack":"CastError: Cast to ObjectId failed for value \"{ email: 'sandro.csimas@gmail.com',\n  first_name: 'Sandro',\n  id: '1',\n  last_name: 'Simas',\n  signup_date: 'Jan 3, 2016 00:58:51' }\" at path \"_id\" for model \"Customer\"\n    at MongooseError.CastError (/home/sandro/chatz/node_modules/mongoose/lib/error/cast.js:26:11)\n    at ObjectId.cast (/home/sandro/chatz/node_modules/mongoose/lib/schema/objectid.js:149:13)\n    at ObjectId.SchemaType._castForQuery (/home/sandro/chatz/node_modules/mongoose/lib/schematype.js:1023:15)\n    at ObjectId.castForQuery (/home/sandro/chatz/node_modules/mongoose/lib/schema/objectid.js:189:15)\n    at cast (/home/sandro/chatz/node_modules/mongoose/lib/cast.js:195:34)\n    at Query.cast (/home/sandro/chatz/node_modules/mongoose/lib/query.js:2933:12)\n    at Query.findOne (/home/sandro/chatz/node_modules/mongoose/lib/query.js:1394:10)\n    at /home/sandro/chatz/node_modules/mongoose/lib/query.js:2746:21\n    at Promise._execute (/home/sandro/chatz/node_modules/bluebird/js/release/debuggability.js:300:9)\n    at Promise._resolveFromExecutor (/home/sandro/chatz/node_modules/bluebird/js/release/promise.js:483:18)\n    at new Promise (/home/sandro/chatz/node_modules/bluebird/js/release/promise.js:79:10)\n    at Query.exec (/home/sandro/chatz/node_modules/mongoose/lib/query.js:2740:17)\n    at Object.exports.getCustomer (/home/sandro/chatz/services/customer.js:25:60)\n    at Object.<anonymous> (/home/sandro/chatz/routes/auth.js:40:30)\n    at Object.tryCatcher (/home/sandro/chatz/node_modules/bluebird/js/release/util.js:16:23)\n    at Promise._settlePromiseFromHandler (/home/sandro/chatz/node_modules/bluebird/js/release/promise.js:512:31)\n    at Promise._settlePromise (/home/sandro/chatz/node_modules/bluebird/js/release/promise.js:569:18)\n    at Promise._settlePromise0 (/home/sandro/chatz/node_modules/bluebird/js/release/promise.js:614:10)\n    at Promise._settlePromises (/home/sandro/chatz/node_modules/bluebird/js/release/promise.js:693:18)\n    at Async._drainQueue (/home/sandro/chatz/node_modules/bluebird/js/release/async.js:133:16)\n    at Async._drainQueues (/home/sandro/chatz/node_modules/bluebird/js/release/async.js:143:10)\n    at Immediate.Async.drainQueues (/home/sandro/chatz/node_modules/bluebird/js/release/async.js:17:14)","name":"CastError","stringValue":"\"{ email: 'sandro.csimas@gmail.com',\n  first_name: 'Sandro',\n  id: '1',\n  last_name: 'Simas',\n  signup_date: 'Jan 3, 2016 00:58:51' }\"","kind":"ObjectId","value":{"email":"sandro.csimas@gmail.com","first_name":"Sandro","id":"1","last_name":"Simas","signup_date":"Jan 3, 2016 00:58:51"},"path":"_id","level":"error","timestamp":"2017-06-14T03:42:08.701Z"}
{"level":"info","message":"Using development environment settings","timestamp":"2017-06-14T03:42:55.471Z"}
{"level":"info","message":"Debug mode is ON","timestamp":"2017-06-14T03:42:55.472Z"}
{"level":"info","message":"Configuring middlewares","timestamp":"2017-06-14T03:42:55.739Z"}
{"level":"info","message":"Configuring routes","timestamp":"2017-06-14T03:42:55.739Z"}
{"level":"info","message":"Chatz server is listening on port 3000","timestamp":"2017-06-14T03:42:55.786Z"}
{"message":"Cast to ObjectId failed for value \"{ email: 'sandro.csimas@gmail.com',\n  first_name: 'Sandro',\n  id: '1',\n  last_name: 'Simas',\n  signup_date: 'Jan 3, 2016 00:58:51' }\" at path \"_id\" for model \"Customer\"","stack":"CastError: Cast to ObjectId failed for value \"{ email: 'sandro.csimas@gmail.com',\n  first_name: 'Sandro',\n  id: '1',\n  last_name: 'Simas',\n  signup_date: 'Jan 3, 2016 00:58:51' }\" at path \"_id\" for model \"Customer\"\n    at MongooseError.CastError (/home/sandro/chatz/node_modules/mongoose/lib/error/cast.js:26:11)\n    at ObjectId.cast (/home/sandro/chatz/node_modules/mongoose/lib/schema/objectid.js:149:13)\n    at ObjectId.SchemaType._castForQuery (/home/sandro/chatz/node_modules/mongoose/lib/schematype.js:1023:15)\n    at ObjectId.castForQuery (/home/sandro/chatz/node_modules/mongoose/lib/schema/objectid.js:189:15)\n    at cast (/home/sandro/chatz/node_modules/mongoose/lib/cast.js:195:34)\n    at Query.cast (/home/sandro/chatz/node_modules/mongoose/lib/query.js:2933:12)\n    at Query.findOne (/home/sandro/chatz/node_modules/mongoose/lib/query.js:1394:10)\n    at /home/sandro/chatz/node_modules/mongoose/lib/query.js:2746:21\n    at Promise._execute (/home/sandro/chatz/node_modules/bluebird/js/release/debuggability.js:300:9)\n    at Promise._resolveFromExecutor (/home/sandro/chatz/node_modules/bluebird/js/release/promise.js:483:18)\n    at new Promise (/home/sandro/chatz/node_modules/bluebird/js/release/promise.js:79:10)\n    at Query.exec (/home/sandro/chatz/node_modules/mongoose/lib/query.js:2740:17)\n    at Object.exports.getCustomer (/home/sandro/chatz/services/customer.js:26:60)\n    at Object.<anonymous> (/home/sandro/chatz/routes/auth.js:40:30)\n    at Object.tryCatcher (/home/sandro/chatz/node_modules/bluebird/js/release/util.js:16:23)\n    at Promise._settlePromiseFromHandler (/home/sandro/chatz/node_modules/bluebird/js/release/promise.js:512:31)\n    at Promise._settlePromise (/home/sandro/chatz/node_modules/bluebird/js/release/promise.js:569:18)\n    at Promise._settlePromise0 (/home/sandro/chatz/node_modules/bluebird/js/release/promise.js:614:10)\n    at Promise._settlePromises (/home/sandro/chatz/node_modules/bluebird/js/release/promise.js:693:18)\n    at Async._drainQueue (/home/sandro/chatz/node_modules/bluebird/js/release/async.js:133:16)\n    at Async._drainQueues (/home/sandro/chatz/node_modules/bluebird/js/release/async.js:143:10)\n    at Immediate.Async.drainQueues (/home/sandro/chatz/node_modules/bluebird/js/release/async.js:17:14)","name":"CastError","stringValue":"\"{ email: 'sandro.csimas@gmail.com',\n  first_name: 'Sandro',\n  id: '1',\n  last_name: 'Simas',\n  signup_date: 'Jan 3, 2016 00:58:51' }\"","kind":"ObjectId","value":{"email":"sandro.csimas@gmail.com","first_name":"Sandro","id":"1","last_name":"Simas","signup_date":"Jan 3, 2016 00:58:51"},"path":"_id","level":"error","timestamp":"2017-06-14T03:43:27.424Z"}
{"level":"info","message":"Using development environment settings","timestamp":"2017-06-14T03:44:42.798Z"}
{"level":"info","message":"Debug mode is ON","timestamp":"2017-06-14T03:44:42.800Z"}
{"level":"info","message":"Configuring middlewares","timestamp":"2017-06-14T03:44:43.096Z"}
{"level":"info","message":"Configuring routes","timestamp":"2017-06-14T03:44:43.096Z"}
{"level":"info","message":"Chatz server is listening on port 3000","timestamp":"2017-06-14T03:44:43.153Z"}
{"message":"Cast to ObjectId failed for value \"{ email: 'sandro.csimas@gmail.com',\n  first_name: 'Sandro',\n  id: '1',\n  last_name: 'Simas',\n  signup_date: 'Jan 3, 2016 00:58:51' }\" at path \"_id\" for model \"Customer\"","stack":"CastError: Cast to ObjectId failed for value \"{ email: 'sandro.csimas@gmail.com',\n  first_name: 'Sandro',\n  id: '1',\n  last_name: 'Simas',\n  signup_date: 'Jan 3, 2016 00:58:51' }\" at path \"_id\" for model \"Customer\"\n    at MongooseError.CastError (/home/sandro/chatz/node_modules/mongoose/lib/error/cast.js:26:11)\n    at ObjectId.cast (/home/sandro/chatz/node_modules/mongoose/lib/schema/objectid.js:149:13)\n    at ObjectId.SchemaType._castForQuery (/home/sandro/chatz/node_modules/mongoose/lib/schematype.js:1023:15)\n    at ObjectId.castForQuery (/home/sandro/chatz/node_modules/mongoose/lib/schema/objectid.js:189:15)\n    at cast (/home/sandro/chatz/node_modules/mongoose/lib/cast.js:195:34)\n    at Query.cast (/home/sandro/chatz/node_modules/mongoose/lib/query.js:2933:12)\n    at Query.findOne (/home/sandro/chatz/node_modules/mongoose/lib/query.js:1394:10)\n    at /home/sandro/chatz/node_modules/mongoose/lib/query.js:2746:21\n    at Promise._execute (/home/sandro/chatz/node_modules/bluebird/js/release/debuggability.js:300:9)\n    at Promise._resolveFromExecutor (/home/sandro/chatz/node_modules/bluebird/js/release/promise.js:483:18)\n    at new Promise (/home/sandro/chatz/node_modules/bluebird/js/release/promise.js:79:10)\n    at Query.exec (/home/sandro/chatz/node_modules/mongoose/lib/query.js:2740:17)\n    at Object.exports.getCustomer (/home/sandro/chatz/services/customer.js:26:60)\n    at Object.<anonymous> (/home/sandro/chatz/routes/auth.js:41:30)\n    at Object.tryCatcher (/home/sandro/chatz/node_modules/bluebird/js/release/util.js:16:23)\n    at Promise._settlePromiseFromHandler (/home/sandro/chatz/node_modules/bluebird/js/release/promise.js:512:31)\n    at Promise._settlePromise (/home/sandro/chatz/node_modules/bluebird/js/release/promise.js:569:18)\n    at Promise._settlePromise0 (/home/sandro/chatz/node_modules/bluebird/js/release/promise.js:614:10)\n    at Promise._settlePromises (/home/sandro/chatz/node_modules/bluebird/js/release/promise.js:693:18)\n    at Async._drainQueue (/home/sandro/chatz/node_modules/bluebird/js/release/async.js:133:16)\n    at Async._drainQueues (/home/sandro/chatz/node_modules/bluebird/js/release/async.js:143:10)\n    at Immediate.Async.drainQueues (/home/sandro/chatz/node_modules/bluebird/js/release/async.js:17:14)","name":"CastError","stringValue":"\"{ email: 'sandro.csimas@gmail.com',\n  first_name: 'Sandro',\n  id: '1',\n  last_name: 'Simas',\n  signup_date: 'Jan 3, 2016 00:58:51' }\"","kind":"ObjectId","value":{"email":"sandro.csimas@gmail.com","first_name":"Sandro","id":"1","last_name":"Simas","signup_date":"Jan 3, 2016 00:58:51"},"path":"_id","level":"error","timestamp":"2017-06-14T03:44:49.061Z"}
{"level":"info","message":"Using development environment settings","timestamp":"2017-06-14T03:47:26.355Z"}
{"level":"info","message":"Debug mode is ON","timestamp":"2017-06-14T03:47:26.357Z"}
{"level":"info","message":"Configuring middlewares","timestamp":"2017-06-14T03:47:26.632Z"}
{"level":"info","message":"Configuring routes","timestamp":"2017-06-14T03:47:26.633Z"}
{"level":"info","message":"Chatz server is listening on port 3000","timestamp":"2017-06-14T03:47:26.679Z"}
{"message":"Cast to ObjectId failed for value \"1\" at path \"_id\" for model \"Customer\"","stack":"CastError: Cast to ObjectId failed for value \"1\" at path \"_id\" for model \"Customer\"\n    at MongooseError.CastError (/home/sandro/chatz/node_modules/mongoose/lib/error/cast.js:26:11)\n    at ObjectId.cast (/home/sandro/chatz/node_modules/mongoose/lib/schema/objectid.js:149:13)\n    at ObjectId.SchemaType._castForQuery (/home/sandro/chatz/node_modules/mongoose/lib/schematype.js:1023:15)\n    at ObjectId.castForQuery (/home/sandro/chatz/node_modules/mongoose/lib/schema/objectid.js:189:15)\n    at cast (/home/sandro/chatz/node_modules/mongoose/lib/cast.js:232:32)\n    at Query.cast (/home/sandro/chatz/node_modules/mongoose/lib/query.js:2933:12)\n    at Query.findOne (/home/sandro/chatz/node_modules/mongoose/lib/query.js:1394:10)\n    at /home/sandro/chatz/node_modules/mongoose/lib/query.js:2746:21\n    at Promise._execute (/home/sandro/chatz/node_modules/bluebird/js/release/debuggability.js:300:9)\n    at Promise._resolveFromExecutor (/home/sandro/chatz/node_modules/bluebird/js/release/promise.js:483:18)\n    at new Promise (/home/sandro/chatz/node_modules/bluebird/js/release/promise.js:79:10)\n    at Query.exec (/home/sandro/chatz/node_modules/mongoose/lib/query.js:2740:17)\n    at /home/sandro/chatz/services/customer.js:26:62\n    at tryCatcher (/home/sandro/chatz/node_modules/bluebird/js/release/util.js:16:23)\n    at Promise._settlePromiseFromHandler (/home/sandro/chatz/node_modules/bluebird/js/release/promise.js:512:31)\n    at Promise._settlePromise (/home/sandro/chatz/node_modules/bluebird/js/release/promise.js:569:18)\n    at Promise._settlePromiseCtx (/home/sandro/chatz/node_modules/bluebird/js/release/promise.js:606:10)\n    at Async._drainQueue (/home/sandro/chatz/node_modules/bluebird/js/release/async.js:138:12)\n    at Async._drainQueues (/home/sandro/chatz/node_modules/bluebird/js/release/async.js:143:10)\n    at Immediate.Async.drainQueues (/home/sandro/chatz/node_modules/bluebird/js/release/async.js:17:14)\n    at runCallback (timers.js:672:20)\n    at tryOnImmediate (timers.js:645:5)","name":"CastError","stringValue":"\"1\"","kind":"ObjectId","value":"1","path":"_id","level":"error","timestamp":"2017-06-14T03:47:36.169Z"}
{"level":"info","message":"Using development environment settings","timestamp":"2017-06-14T03:48:00.223Z"}
{"level":"info","message":"Debug mode is ON","timestamp":"2017-06-14T03:48:00.225Z"}
{"level":"info","message":"Configuring middlewares","timestamp":"2017-06-14T03:48:00.524Z"}
{"level":"info","message":"Configuring routes","timestamp":"2017-06-14T03:48:00.524Z"}
{"level":"info","message":"Chatz server is listening on port 3000","timestamp":"2017-06-14T03:48:00.581Z"}
{"level":"info","message":"Using development environment settings","timestamp":"2017-06-14T03:48:20.498Z"}
{"level":"info","message":"Debug mode is ON","timestamp":"2017-06-14T03:48:20.500Z"}
{"level":"info","message":"Configuring middlewares","timestamp":"2017-06-14T03:48:20.776Z"}
{"level":"info","message":"Configuring routes","timestamp":"2017-06-14T03:48:20.776Z"}
{"level":"info","message":"Chatz server is listening on port 3000","timestamp":"2017-06-14T03:48:20.823Z"}
{"level":"info","message":"Using development environment settings","timestamp":"2017-06-14T03:58:41.960Z"}
{"level":"info","message":"Debug mode is ON","timestamp":"2017-06-14T03:58:41.962Z"}
{"level":"info","message":"Configuring middlewares","timestamp":"2017-06-14T03:58:42.868Z"}
{"level":"info","message":"Configuring routes","timestamp":"2017-06-14T03:58:42.868Z"}
{"level":"info","message":"Chatz server is listening on port 3000","timestamp":"2017-06-14T03:58:43.120Z"}
{"level":"info","message":"Using development environment settings","timestamp":"2017-06-14T04:26:01.363Z"}
{"level":"info","message":"Debug mode is ON","timestamp":"2017-06-14T04:26:01.364Z"}
{"level":"info","message":"Configuring middlewares","timestamp":"2017-06-14T04:26:01.709Z"}
{"level":"info","message":"Configuring routes","timestamp":"2017-06-14T04:26:01.710Z"}
{"level":"info","message":"Chatz server is listening on port 3000","timestamp":"2017-06-14T04:26:01.798Z"}
{"level":"info","message":"Using development environment settings","timestamp":"2017-06-14T04:26:52.403Z"}
{"level":"info","message":"Debug mode is ON","timestamp":"2017-06-14T04:26:52.404Z"}
{"level":"info","message":"Configuring middlewares","timestamp":"2017-06-14T04:26:52.670Z"}
{"level":"info","message":"Configuring routes","timestamp":"2017-06-14T04:26:52.670Z"}
{"level":"info","message":"Chatz server is listening on port 3000","timestamp":"2017-06-14T04:26:52.721Z"}
{"level":"info","message":"Using development environment settings","timestamp":"2017-06-14T04:48:24.522Z"}
{"level":"info","message":"Debug mode is ON","timestamp":"2017-06-14T04:48:24.524Z"}
{"level":"info","message":"Configuring middlewares","timestamp":"2017-06-14T04:48:24.786Z"}
{"level":"info","message":"Configuring routes","timestamp":"2017-06-14T04:48:24.786Z"}
{"level":"info","message":"Chatz server is listening on port 3000","timestamp":"2017-06-14T04:48:24.835Z"}
{"level":"info","message":"Using development environment settings","timestamp":"2017-06-14T04:49:09.693Z"}
{"level":"info","message":"Debug mode is ON","timestamp":"2017-06-14T04:49:09.695Z"}
{"level":"info","message":"Configuring middlewares","timestamp":"2017-06-14T04:49:09.954Z"}
{"level":"info","message":"Configuring routes","timestamp":"2017-06-14T04:49:09.954Z"}
{"level":"info","message":"Chatz server is listening on port 3000","timestamp":"2017-06-14T04:49:10.006Z"}
{"level":"info","message":"Using development environment settings","timestamp":"2017-06-14T04:49:26.033Z"}
{"level":"info","message":"Debug mode is ON","timestamp":"2017-06-14T04:49:26.035Z"}
{"level":"info","message":"Configuring middlewares","timestamp":"2017-06-14T04:49:26.301Z"}
{"level":"info","message":"Configuring routes","timestamp":"2017-06-14T04:49:26.301Z"}
{"level":"info","message":"Chatz server is listening on port 3000","timestamp":"2017-06-14T04:49:26.350Z"}
{"level":"info","message":"Using development environment settings","timestamp":"2017-06-14T04:50:25.723Z"}
{"level":"info","message":"Debug mode is ON","timestamp":"2017-06-14T04:50:25.724Z"}
{"level":"info","message":"Configuring middlewares","timestamp":"2017-06-14T04:50:25.994Z"}
{"level":"info","message":"Configuring routes","timestamp":"2017-06-14T04:50:25.994Z"}
{"level":"info","message":"Chatz server is listening on port 3000","timestamp":"2017-06-14T04:50:26.043Z"}
{"level":"info","message":"Using development environment settings","timestamp":"2017-06-14T04:50:41.011Z"}
{"level":"info","message":"Debug mode is ON","timestamp":"2017-06-14T04:50:41.013Z"}
{"level":"info","message":"Configuring middlewares","timestamp":"2017-06-14T04:50:41.289Z"}
{"level":"info","message":"Configuring routes","timestamp":"2017-06-14T04:50:41.289Z"}
{"level":"info","message":"Chatz server is listening on port 3000","timestamp":"2017-06-14T04:50:41.337Z"}
